<?xml version="1.0" encoding="UTF-8"?>
<testsuite xmlns:xsi="http://www.w3.org/2001/XMLSchema-instance" xsi:noNamespaceSchemaLocation="https://maven.apache.org/surefire/maven-surefire-plugin/xsd/surefire-test-report-3.0.xsd" version="3.0" name="com.luv2code.junitdemo.DemoUtilsTest" time="2.159" tests="10" errors="0" skipped="0" failures="0">
  <properties>
    <property name="java.specification.version" value="21"/>
    <property name="sun.cpu.isalist" value="amd64"/>
    <property name="sun.jnu.encoding" value="Cp1252"/>
    <property name="java.class.path" value="E:\Computer Science\Java\Spring Boot\Spring Boot Testing\Section 2 - JUnit Review\2.09.02-project-solution-unit-test-reports-and-code-coverage-reports-with-maven-coding-part-2\target\test-classes;E:\Computer Science\Java\Spring Boot\Spring Boot Testing\Section 2 - JUnit Review\2.09.02-project-solution-unit-test-reports-and-code-coverage-reports-with-maven-coding-part-2\target\classes;C:\Users\Gürkan Gökmen\.m2\repository\org\junit\jupiter\junit-jupiter\5.8.2\junit-jupiter-5.8.2.jar;C:\Users\Gürkan Gökmen\.m2\repository\org\junit\jupiter\junit-jupiter-api\5.8.2\junit-jupiter-api-5.8.2.jar;C:\Users\Gürkan Gökmen\.m2\repository\org\opentest4j\opentest4j\1.2.0\opentest4j-1.2.0.jar;C:\Users\Gürkan Gökmen\.m2\repository\org\junit\platform\junit-platform-commons\1.8.2\junit-platform-commons-1.8.2.jar;C:\Users\Gürkan Gökmen\.m2\repository\org\apiguardian\apiguardian-api\1.1.2\apiguardian-api-1.1.2.jar;C:\Users\Gürkan Gökmen\.m2\repository\org\junit\jupiter\junit-jupiter-params\5.8.2\junit-jupiter-params-5.8.2.jar;C:\Users\Gürkan Gökmen\.m2\repository\org\junit\jupiter\junit-jupiter-engine\5.8.2\junit-jupiter-engine-5.8.2.jar;C:\Users\Gürkan Gökmen\.m2\repository\org\junit\platform\junit-platform-engine\1.8.2\junit-platform-engine-1.8.2.jar;"/>
    <property name="java.vm.vendor" value="Oracle Corporation"/>
    <property name="sun.arch.data.model" value="64"/>
    <property name="user.variant" value=""/>
    <property name="java.vendor.url" value="https://java.oracle.com/"/>
    <property name="user.timezone" value="Europe/Istanbul"/>
    <property name="os.name" value="Windows 11"/>
    <property name="java.vm.specification.version" value="21"/>
    <property name="sun.java.launcher" value="SUN_STANDARD"/>
    <property name="user.country" value="US"/>
    <property name="sun.boot.library.path" value="C:\Program Files\Java\jdk-21\bin"/>
    <property name="sun.java.command" value="C:\Users\Gürkan Gökmen\AppData\Local\Temp\surefire15450619217888518124\surefirebooter14895982948663992676.jar C:\Users\Gürkan Gökmen\AppData\Local\Temp\surefire15450619217888518124 2024-07-25T18-31-35_684-jvmRun1 surefire1874144128069672811tmp surefire_012448330173893397652tmp"/>
    <property name="jdk.debug" value="release"/>
    <property name="surefire.test.class.path" value="E:\Computer Science\Java\Spring Boot\Spring Boot Testing\Section 2 - JUnit Review\2.09.02-project-solution-unit-test-reports-and-code-coverage-reports-with-maven-coding-part-2\target\test-classes;E:\Computer Science\Java\Spring Boot\Spring Boot Testing\Section 2 - JUnit Review\2.09.02-project-solution-unit-test-reports-and-code-coverage-reports-with-maven-coding-part-2\target\classes;C:\Users\Gürkan Gökmen\.m2\repository\org\junit\jupiter\junit-jupiter\5.8.2\junit-jupiter-5.8.2.jar;C:\Users\Gürkan Gökmen\.m2\repository\org\junit\jupiter\junit-jupiter-api\5.8.2\junit-jupiter-api-5.8.2.jar;C:\Users\Gürkan Gökmen\.m2\repository\org\opentest4j\opentest4j\1.2.0\opentest4j-1.2.0.jar;C:\Users\Gürkan Gökmen\.m2\repository\org\junit\platform\junit-platform-commons\1.8.2\junit-platform-commons-1.8.2.jar;C:\Users\Gürkan Gökmen\.m2\repository\org\apiguardian\apiguardian-api\1.1.2\apiguardian-api-1.1.2.jar;C:\Users\Gürkan Gökmen\.m2\repository\org\junit\jupiter\junit-jupiter-params\5.8.2\junit-jupiter-params-5.8.2.jar;C:\Users\Gürkan Gökmen\.m2\repository\org\junit\jupiter\junit-jupiter-engine\5.8.2\junit-jupiter-engine-5.8.2.jar;C:\Users\Gürkan Gökmen\.m2\repository\org\junit\platform\junit-platform-engine\1.8.2\junit-platform-engine-1.8.2.jar;"/>
    <property name="sun.cpu.endian" value="little"/>
    <property name="user.home" value="C:\Users\Gürkan Gökmen"/>
    <property name="user.language" value="en"/>
    <property name="java.specification.vendor" value="Oracle Corporation"/>
    <property name="java.version.date" value="2023-10-17"/>
    <property name="java.home" value="C:\Program Files\Java\jdk-21"/>
    <property name="file.separator" value="\"/>
    <property name="basedir" value="E:\Computer Science\Java\Spring Boot\Spring Boot Testing\Section 2 - JUnit Review\2.09.02-project-solution-unit-test-reports-and-code-coverage-reports-with-maven-coding-part-2"/>
    <property name="java.vm.compressedOopsMode" value="Zero based"/>
    <property name="line.separator" value="&#10;"/>
    <property name="java.vm.specification.vendor" value="Oracle Corporation"/>
    <property name="java.specification.name" value="Java Platform API Specification"/>
    <property name="surefire.real.class.path" value="C:\Users\Gürkan Gökmen\AppData\Local\Temp\surefire15450619217888518124\surefirebooter14895982948663992676.jar"/>
    <property name="user.script" value=""/>
    <property name="sun.management.compiler" value="HotSpot 64-Bit Tiered Compilers"/>
    <property name="java.runtime.version" value="21.0.1+12-LTS-29"/>
    <property name="user.name" value="Gürkan Gökmen"/>
    <property name="stdout.encoding" value="Cp1252"/>
    <property name="path.separator" value=";"/>
    <property name="os.version" value="10.0"/>
    <property name="java.runtime.name" value="Java(TM) SE Runtime Environment"/>
    <property name="file.encoding" value="UTF-8"/>
    <property name="java.vm.name" value="Java HotSpot(TM) 64-Bit Server VM"/>
    <property name="localRepository" value="C:\Users\Gürkan Gökmen\.m2\repository"/>
    <property name="java.vendor.url.bug" value="https://bugreport.java.com/bugreport/"/>
    <property name="java.io.tmpdir" value="C:\Users\GRKANG~1\AppData\Local\Temp\"/>
    <property name="java.version" value="21.0.1"/>
    <property name="user.dir" value="E:\Computer Science\Java\Spring Boot\Spring Boot Testing\Section 2 - JUnit Review\2.09.02-project-solution-unit-test-reports-and-code-coverage-reports-with-maven-coding-part-2"/>
    <property name="os.arch" value="amd64"/>
    <property name="java.vm.specification.name" value="Java Virtual Machine Specification"/>
    <property name="sun.os.patch.level" value=""/>
    <property name="native.encoding" value="Cp1252"/>
    <property name="java.library.path" value="C:\Program Files\Java\jdk-21\bin;C:\Windows\Sun\Java\bin;C:\Windows\system32;C:\Windows;C:\Program Files\Common Files\Oracle\Java\javapath;C:\Python\Scripts\;C:\Python\;C:\Windows\system32;C:\Windows;C:\Windows\System32\Wbem;C:\Windows\System32\WindowsPowerShell\v1.0\;C:\Windows\System32\OpenSSH\;C:\Program Files\NVIDIA Corporation\NVIDIA NvDLISR;C:\Program Files (x86)\NVIDIA Corporation\PhysX\Common;C:\ProgramData\chocolatey\bin;C:\Program Files\nodejs\;C:\Program Files\Git\cmd;C:\Program Files\OpenSSL-Win64\bin;C:\Program Files\dotnet\;C:\Program Files\Docker\Docker\resources\bin;C:\Program Files\Apache Maven\apache-maven-3.9.8\bin;C:\Program Files\Java\jdk-21\bin;C:\Program Files\MySQL\MySQL Shell 8.0\bin\;C:\Users\Gürkan Gökmen\AppData\Local\Microsoft\WindowsApps;E:\Program Files\IntelliJ IDEA Community Edition 2022.3.3\bin;C:\Users\Gürkan Gökmen\AppData\Local\Programs\Microsoft VS Code\bin;C:\Users\Gürkan Gökmen\AppData\Roaming\npm;C:\Users\Gürkan Gökmen\AppData\Local\GitHubDesktop\bin;."/>
    <property name="java.vm.info" value="mixed mode, sharing"/>
    <property name="stderr.encoding" value="Cp1252"/>
    <property name="java.vendor" value="Oracle Corporation"/>
    <property name="java.vm.version" value="21.0.1+12-LTS-29"/>
    <property name="sun.io.unicode.encoding" value="UnicodeLittle"/>
    <property name="java.class.version" value="65.0"/>
  </properties>
  <testcase name="testNullAndNotNull" classname="com.luv2code.junitdemo.DemoUtilsTest" time="0.068"/>
  <testcase name="testEqualsAndNotEquals" classname="com.luv2code.junitdemo.DemoUtilsTest" time="0.001"/>
  <testcase name="testTrueFalse" classname="com.luv2code.junitdemo.DemoUtilsTest" time="0.009"/>
  <testcase name="testLinesMatch" classname="com.luv2code.junitdemo.DemoUtilsTest" time="0.01"/>
  <testcase name="testTimeout" classname="com.luv2code.junitdemo.DemoUtilsTest" time="2.013">
    <system-out><![CDATA[I am going to sleep
Sleeping over
]]></system-out>
  </testcase>
  <testcase name="testSameAndNotSame" classname="com.luv2code.junitdemo.DemoUtilsTest" time="0.007"/>
  <testcase name="testArrayEquals" classname="com.luv2code.junitdemo.DemoUtilsTest" time="0"/>
  <testcase name="testIterableEquals" classname="com.luv2code.junitdemo.DemoUtilsTest" time="0"/>
  <testcase name="testMultiply" classname="com.luv2code.junitdemo.DemoUtilsTest" time="0"/>
  <testcase name="testThrowsAndDoesNotThrow" classname="com.luv2code.junitdemo.DemoUtilsTest" time="0"/>
</testsuite>